{"/home/rharuow/Documents/Harysson/coodesh/backend/src/app.ts": {"path":"/home/rharuow/Documents/Harysson/coodesh/backend/src/app.ts","statementMap":{"0":{"start":{"line":1,"column":0},"end":{"line":1,"column":30}},"1":{"start":{"line":2,"column":0},"end":{"line":2,"column":29}},"2":{"start":{"line":3,"column":0},"end":{"line":3,"column":43}},"3":{"start":{"line":5,"column":0},"end":{"line":5,"column":39}},"4":{"start":{"line":6,"column":0},"end":{"line":6,"column":65}},"5":{"start":{"line":7,"column":0},"end":{"line":7,"column":41}},"6":{"start":{"line":8,"column":0},"end":{"line":8,"column":36}},"7":{"start":{"line":10,"column":0},"end":{"line":10,"column":42}},"8":{"start":{"line":11,"column":0},"end":{"line":11,"column":24}},"9":{"start":{"line":13,"column":13},"end":{"line":13,"column":37}},"10":{"start":{"line":14,"column":12},"end":{"line":14,"column":21}},"11":{"start":{"line":49,"column":9},"end":{"line":49,"column":12}},"12":{"start":{"line":16,"column":0},"end":{"line":16,"column":16}},"13":{"start":{"line":17,"column":0},"end":{"line":17,"column":24}},"14":{"start":{"line":19,"column":0},"end":{"line":19,"column":63}},"15":{"start":{"line":21,"column":0},"end":{"line":21,"column":21}},"16":{"start":{"line":23,"column":14},"end":{"line":45,"column":2}},"17":{"start":{"line":25,"column":4},"end":{"line":25,"column":23}},"18":{"start":{"line":26,"column":4},"end":{"line":26,"column":17}},"19":{"start":{"line":27,"column":4},"end":{"line":36,"column":6}},"20":{"start":{"line":29,"column":6},"end":{"line":31,"column":null}},"21":{"start":{"line":30,"column":8},"end":{"line":30,"column":34}},"22":{"start":{"line":38,"column":4},"end":{"line":40,"column":7}},"23":{"start":{"line":39,"column":6},"end":{"line":39,"column":52}},"24":{"start":{"line":42,"column":4},"end":{"line":42,"column":25}},"25":{"start":{"line":43,"column":4},"end":{"line":43,"column":20}},"26":{"start":{"line":47,"column":0},"end":{"line":47,"column":8}}},"fnMap":{"0":{"name":"(anonymous_14)","decl":{"start":{"line":23,"column":14},"end":{"line":23,"column":null}},"loc":{"start":{"line":23,"column":14},"end":{"line":45,"column":2}}},"1":{"name":"(anonymous_17)","decl":{"start":{"line":29,"column":6},"end":{"line":29,"column":null}},"loc":{"start":{"line":29,"column":6},"end":{"line":31,"column":null}}},"2":{"name":"(anonymous_20)","decl":{"start":{"line":38,"column":21},"end":{"line":38,"column":null}},"loc":{"start":{"line":38,"column":21},"end":{"line":40,"column":5}}}},"branchMap":{"0":{"loc":{"start":{"line":13,"column":13},"end":{"line":13,"column":37}},"type":"binary-expr","locations":[{"start":{"line":13,"column":13},"end":{"line":13,"column":29}},{"start":{"line":13,"column":33},"end":{"line":13,"column":37}}]},"1":{"loc":{"start":{"line":30,"column":8},"end":{"line":30,"column":34}},"type":"switch","locations":[{"start":{"line":30,"column":8},"end":{"line":30,"column":34}}]}},"s":{"0":1,"1":1,"2":1,"3":1,"4":1,"5":1,"6":1,"7":1,"8":1,"9":1,"10":1,"11":1,"12":1,"13":1,"14":1,"15":1,"16":2,"17":2,"18":2,"19":1,"20":0,"21":0,"22":1,"23":1,"24":0,"25":0,"26":1},"f":{"0":2,"1":0,"2":1},"b":{"0":[1,0],"1":[0]}}
,"/home/rharuow/Documents/Harysson/coodesh/backend/src/swaggerDef.ts": {"path":"/home/rharuow/Documents/Harysson/coodesh/backend/src/swaggerDef.ts","statementMap":{"0":{"start":{"line":1,"column":13},"end":{"line":342,"column":2}}},"fnMap":{},"branchMap":{},"s":{"0":1},"f":{},"b":{}}
,"/home/rharuow/Documents/Harysson/coodesh/backend/src/controllers/stats.ts": {"path":"/home/rharuow/Documents/Harysson/coodesh/backend/src/controllers/stats.ts","statementMap":{"0":{"start":{"line":3,"column":0},"end":{"line":3,"column":47}},"1":{"start":{"line":4,"column":0},"end":{"line":4,"column":47}},"2":{"start":{"line":6,"column":24},"end":{"line":31,"column":2}},"3":{"start":{"line":6,"column":58},"end":{"line":31,"column":2}},"4":{"start":{"line":8,"column":20},"end":{"line":8,"column":null}},"5":{"start":{"line":8,"column":10},"end":{"line":8,"column":null}},"6":{"start":{"line":10,"column":26},"end":{"line":10,"column":null}},"7":{"start":{"line":10,"column":10},"end":{"line":10,"column":null}},"8":{"start":{"line":12,"column":10},"end":{"line":16,"column":50}},"9":{"start":{"line":14,"column":20},"end":{"line":14,"column":null}},"10":{"start":{"line":14,"column":55},"end":{"line":14,"column":70}},"11":{"start":{"line":16,"column":32},"end":{"line":16,"column":47}},"12":{"start":{"line":18,"column":10},"end":{"line":18,"column":42}},"13":{"start":{"line":20,"column":4},"end":{"line":23,"column":7}},"14":{"start":{"line":25,"column":4},"end":{"line":25,"column":23}},"15":{"start":{"line":26,"column":4},"end":{"line":29,"column":7}},"16":{"start":{"line":6,"column":13},"end":{"line":6,"column":24}},"17":{"start":{"line":42,"column":24},"end":{"line":105,"column":2}},"18":{"start":{"line":42,"column":58},"end":{"line":105,"column":2}},"19":{"start":{"line":44,"column":20},"end":{"line":44,"column":null}},"20":{"start":{"line":44,"column":10},"end":{"line":44,"column":null}},"21":{"start":{"line":46,"column":10},"end":{"line":87,"column":11}},"22":{"start":{"line":47,"column":36},"end":{"line":71,"column":null}},"23":{"start":{"line":49,"column":10},"end":{"line":67,"column":null}},"24":{"start":{"line":49,"column":43},"end":{"line":49,"column":77}},"25":{"start":{"line":50,"column":12},"end":{"line":57,"column":14}},"26":{"start":{"line":51,"column":14},"end":{"line":56,"column":null}},"27":{"start":{"line":59,"column":12},"end":{"line":66,"column":15}},"28":{"start":{"line":69,"column":10},"end":{"line":69,"column":29}},"29":{"start":{"line":74,"column":6},"end":{"line":84,"column":9}},"30":{"start":{"line":75,"column":8},"end":{"line":83,"column":null}},"31":{"start":{"line":79,"column":10},"end":{"line":79,"column":74}},"32":{"start":{"line":82,"column":10},"end":{"line":82,"column":72}},"33":{"start":{"line":86,"column":6},"end":{"line":86,"column":32}},"34":{"start":{"line":89,"column":4},"end":{"line":98,"column":7}},"35":{"start":{"line":91,"column":8},"end":{"line":95,"column":null}},"36":{"start":{"line":100,"column":4},"end":{"line":100,"column":23}},"37":{"start":{"line":101,"column":4},"end":{"line":103,"column":7}},"38":{"start":{"line":42,"column":13},"end":{"line":42,"column":24}}},"fnMap":{"0":{"name":"(anonymous_15)","decl":{"start":{"line":6,"column":24},"end":{"line":6,"column":31}},"loc":{"start":{"line":6,"column":58},"end":{"line":31,"column":2}}},"1":{"name":"(anonymous_16)","decl":{"start":{"line":6,"column":58},"end":{"line":6,"column":null}},"loc":{"start":{"line":6,"column":58},"end":{"line":31,"column":2}}},"2":{"name":"(anonymous_18)","decl":{"start":{"line":14,"column":8},"end":{"line":14,"column":9}},"loc":{"start":{"line":14,"column":15},"end":{"line":14,"column":26}}},"3":{"name":"(anonymous_19)","decl":{"start":{"line":14,"column":43},"end":{"line":14,"column":44}},"loc":{"start":{"line":14,"column":50},"end":{"line":14,"column":61}}},"4":{"name":"(anonymous_20)","decl":{"start":{"line":16,"column":14},"end":{"line":16,"column":15}},"loc":{"start":{"line":16,"column":27},"end":{"line":16,"column":35}}},"5":{"name":"(anonymous_21)","decl":{"start":{"line":42,"column":24},"end":{"line":42,"column":31}},"loc":{"start":{"line":42,"column":58},"end":{"line":105,"column":2}}},"6":{"name":"(anonymous_22)","decl":{"start":{"line":42,"column":58},"end":{"line":42,"column":null}},"loc":{"start":{"line":42,"column":58},"end":{"line":105,"column":2}}},"7":{"name":"(anonymous_24)","decl":{"start":{"line":46,"column":36},"end":{"line":46,"column":37}},"loc":{"start":{"line":46,"column":70},"end":{"line":87,"column":5}}},"8":{"name":"(anonymous_25)","decl":{"start":{"line":48,"column":8},"end":{"line":48,"column":9}},"loc":{"start":{"line":48,"column":35},"end":{"line":70,"column":9}}},"9":{"name":"(anonymous_26)","decl":{"start":{"line":49,"column":31},"end":{"line":49,"column":32}},"loc":{"start":{"line":49,"column":38},"end":{"line":49,"column":49}}},"10":{"name":"(anonymous_27)","decl":{"start":{"line":50,"column":42},"end":{"line":50,"column":43}},"loc":{"start":{"line":50,"column":49},"end":{"line":51,"column":20}}},"11":{"name":"(anonymous_28)","decl":{"start":{"line":74,"column":36},"end":{"line":74,"column":37}},"loc":{"start":{"line":74,"column":50},"end":{"line":84,"column":7}}},"12":{"name":"(anonymous_29)","decl":{"start":{"line":90,"column":28},"end":{"line":90,"column":29}},"loc":{"start":{"line":90,"column":53},"end":{"line":91,"column":17}}}},"branchMap":{"0":{"loc":{"start":{"line":49,"column":10},"end":{"line":67,"column":null}},"type":"if","locations":[{"start":{"line":49,"column":10},"end":{"line":67,"column":null}},{"start":{"line":58,"column":17},"end":{"line":67,"column":null}}]},"1":{"loc":{"start":{"line":51,"column":14},"end":{"line":56,"column":24}},"type":"cond-expr","locations":[{"start":{"line":52,"column":17},"end":{"line":54,"column":null}},{"start":{"line":56,"column":18},"end":{"line":56,"column":24}}]},"2":{"loc":{"start":{"line":75,"column":8},"end":{"line":83,"column":null}},"type":"if","locations":[{"start":{"line":75,"column":8},"end":{"line":83,"column":null}},{"start":{"line":80,"column":13},"end":{"line":83,"column":null}}]},"3":{"loc":{"start":{"line":91,"column":8},"end":{"line":95,"column":13}},"type":"cond-expr","locations":[{"start":{"line":92,"column":12},"end":{"line":92,"column":14}},{"start":{"line":93,"column":12},"end":{"line":95,"column":13}}]},"4":{"loc":{"start":{"line":93,"column":12},"end":{"line":95,"column":13}},"type":"cond-expr","locations":[{"start":{"line":94,"column":12},"end":{"line":94,"column":13}},{"start":{"line":95,"column":12},"end":{"line":95,"column":13}}]}},"s":{"0":1,"1":1,"2":1,"3":1,"4":1,"5":1,"6":1,"7":1,"8":1,"9":3,"10":205,"11":3,"12":1,"13":1,"14":0,"15":0,"16":1,"17":1,"18":1,"19":1,"20":1,"21":1,"22":3,"23":205,"24":1839,"25":186,"26":1764,"27":19,"28":205,"29":3,"30":19,"31":3,"32":16,"33":3,"34":1,"35":3,"36":0,"37":0,"38":1},"f":{"0":1,"1":1,"2":3,"3":205,"4":3,"5":1,"6":1,"7":3,"8":205,"9":1839,"10":1764,"11":19,"12":3},"b":{"0":[186,19],"1":[186,1578],"2":[3,16],"3":[1,2],"4":[1,1]}}
,"/home/rharuow/Documents/Harysson/coodesh/backend/src/controllers/home/index.ts": {"path":"/home/rharuow/Documents/Harysson/coodesh/backend/src/controllers/home/index.ts","statementMap":{"0":{"start":{"line":3,"column":20},"end":{"line":14,"column":1}},"1":{"start":{"line":4,"column":2},"end":{"line":13,"column":null}},"2":{"start":{"line":5,"column":4},"end":{"line":7,"column":65}},"3":{"start":{"line":9,"column":4},"end":{"line":9,"column":23}},"4":{"start":{"line":10,"column":4},"end":{"line":12,"column":72}},"5":{"start":{"line":3,"column":13},"end":{"line":3,"column":20}}},"fnMap":{"0":{"name":"(anonymous_0)","decl":{"start":{"line":3,"column":20},"end":{"line":3,"column":21}},"loc":{"start":{"line":3,"column":48},"end":{"line":14,"column":1}}}},"branchMap":{},"s":{"0":1,"1":1,"2":1,"3":0,"4":0,"5":1},"f":{"0":1},"b":{}}
,"/home/rharuow/Documents/Harysson/coodesh/backend/src/controllers/launches/index.ts": {"path":"/home/rharuow/Documents/Harysson/coodesh/backend/src/controllers/launches/index.ts","statementMap":{"0":{"start":{"line":3,"column":0},"end":{"line":3,"column":52}},"1":{"start":{"line":4,"column":0},"end":{"line":4,"column":50}},"2":{"start":{"line":13,"column":14},"end":{"line":42,"column":2}},"3":{"start":{"line":13,"column":48},"end":{"line":42,"column":2}},"4":{"start":{"line":14,"column":8},"end":{"line":14,"column":52}},"5":{"start":{"line":17,"column":21},"end":{"line":20,"column":null}},"6":{"start":{"line":17,"column":10},"end":{"line":20,"column":null}},"7":{"start":{"line":22,"column":26},"end":{"line":24,"column":null}},"8":{"start":{"line":22,"column":10},"end":{"line":24,"column":null}},"9":{"start":{"line":26,"column":10},"end":{"line":26,"column":56}},"10":{"start":{"line":28,"column":4},"end":{"line":35,"column":7}},"11":{"start":{"line":37,"column":4},"end":{"line":37,"column":23}},"12":{"start":{"line":38,"column":4},"end":{"line":40,"column":75}},"13":{"start":{"line":44,"column":18},"end":{"line":44,"column":30}}},"fnMap":{"0":{"name":"(anonymous_13)","decl":{"start":{"line":13,"column":14},"end":{"line":13,"column":21}},"loc":{"start":{"line":13,"column":48},"end":{"line":42,"column":2}}},"1":{"name":"(anonymous_14)","decl":{"start":{"line":13,"column":48},"end":{"line":13,"column":null}},"loc":{"start":{"line":13,"column":48},"end":{"line":42,"column":2}}}},"branchMap":{"0":{"loc":{"start":{"line":14,"column":23},"end":{"line":14,"column":30}},"type":"cond-expr","locations":[{"start":{"line":14,"column":26},"end":{"line":14,"column":28}},{"start":{"line":14,"column":28},"end":{"line":14,"column":30}}]},"1":{"loc":{"start":{"line":14,"column":34},"end":{"line":14,"column":40}},"type":"cond-expr","locations":[{"start":{"line":14,"column":37},"end":{"line":14,"column":38}},{"start":{"line":14,"column":38},"end":{"line":14,"column":40}}]}},"s":{"0":1,"1":1,"2":1,"3":1,"4":1,"5":1,"6":1,"7":1,"8":1,"9":1,"10":1,"11":0,"12":0,"13":1},"f":{"0":1,"1":1},"b":{"0":[1,0],"1":[1,0]}}
,"/home/rharuow/Documents/Harysson/coodesh/backend/src/controllers/launches/utils/createFilter.ts": {"path":"/home/rharuow/Documents/Harysson/coodesh/backend/src/controllers/launches/utils/createFilter.ts","statementMap":{"0":{"start":{"line":3,"column":28},"end":{"line":30,"column":1}},"1":{"start":{"line":4,"column":2},"end":{"line":17,"column":6}},"2":{"start":{"line":5,"column":4},"end":{"line":17,"column":6}},"3":{"start":{"line":18,"column":2},"end":{"line":24,"column":6}},"4":{"start":{"line":19,"column":4},"end":{"line":24,"column":6}},"5":{"start":{"line":25,"column":2},"end":{"line":28,"column":57}},"6":{"start":{"line":26,"column":4},"end":{"line":28,"column":57}},"7":{"start":{"line":29,"column":2},"end":{"line":29,"column":12}},"8":{"start":{"line":3,"column":13},"end":{"line":3,"column":28}}},"fnMap":{"0":{"name":"(anonymous_0)","decl":{"start":{"line":3,"column":28},"end":{"line":3,"column":29}},"loc":{"start":{"line":3,"column":72},"end":{"line":30,"column":1}}}},"branchMap":{"0":{"loc":{"start":{"line":4,"column":2},"end":{"line":17,"column":6}},"type":"if","locations":[{"start":{"line":4,"column":2},"end":{"line":17,"column":6}}]},"1":{"loc":{"start":{"line":4,"column":6},"end":{"line":4,"column":37}},"type":"binary-expr","locations":[{"start":{"line":4,"column":6},"end":{"line":4,"column":12}},{"start":{"line":4,"column":16},"end":{"line":4,"column":37}}]},"2":{"loc":{"start":{"line":7,"column":8},"end":{"line":9,"column":60}},"type":"cond-expr","locations":[{"start":{"line":8,"column":12},"end":{"line":8,"column":29}},{"start":{"line":9,"column":12},"end":{"line":9,"column":60}}]},"3":{"loc":{"start":{"line":18,"column":2},"end":{"line":24,"column":6}},"type":"if","locations":[{"start":{"line":18,"column":2},"end":{"line":24,"column":6}}]},"4":{"loc":{"start":{"line":18,"column":6},"end":{"line":18,"column":37}},"type":"binary-expr","locations":[{"start":{"line":18,"column":6},"end":{"line":18,"column":12}},{"start":{"line":18,"column":16},"end":{"line":18,"column":37}}]},"5":{"loc":{"start":{"line":25,"column":2},"end":{"line":28,"column":57}},"type":"if","locations":[{"start":{"line":25,"column":2},"end":{"line":28,"column":57}}]},"6":{"loc":{"start":{"line":25,"column":6},"end":{"line":25,"column":38}},"type":"binary-expr","locations":[{"start":{"line":25,"column":6},"end":{"line":25,"column":13}},{"start":{"line":25,"column":17},"end":{"line":25,"column":38}}]},"7":{"loc":{"start":{"line":26,"column":11},"end":{"line":28,"column":56}},"type":"cond-expr","locations":[{"start":{"line":27,"column":8},"end":{"line":27,"column":25}},{"start":{"line":28,"column":8},"end":{"line":28,"column":56}}]}},"s":{"0":1,"1":2,"2":0,"3":2,"4":0,"5":2,"6":0,"7":2,"8":1},"f":{"0":2},"b":{"0":[0],"1":[2,0],"2":[0,0],"3":[0],"4":[2,0],"5":[0],"6":[2,2],"7":[0,0]}}
,"/home/rharuow/Documents/Harysson/coodesh/backend/src/db/conn.ts": {"path":"/home/rharuow/Documents/Harysson/coodesh/backend/src/db/conn.ts","statementMap":{"0":{"start":{"line":1,"column":0},"end":{"line":1,"column":23}},"1":{"start":{"line":2,"column":0},"end":{"line":2,"column":32}},"2":{"start":{"line":6,"column":4},"end":{"line":6,"column":38}},"3":{"start":{"line":7,"column":4},"end":{"line":7,"column":65}},"4":{"start":{"line":9,"column":4},"end":{"line":9,"column":23}},"5":{"start":{"line":10,"column":4},"end":{"line":10,"column":68}},"6":{"start":{"line":14,"column":9},"end":{"line":14,"column":19}}},"fnMap":{"0":{"name":"connection","decl":{"start":{"line":4,"column":15},"end":{"line":4,"column":25}},"loc":{"start":{"line":4,"column":25},"end":{"line":12,"column":null}}}},"branchMap":{"0":{"loc":{"start":{"line":7,"column":27},"end":{"line":7,"column":63}},"type":"binary-expr","locations":[{"start":{"line":7,"column":27},"end":{"line":7,"column":57}},{"start":{"line":7,"column":61},"end":{"line":7,"column":63}}]}},"s":{"0":1,"1":1,"2":1,"3":2,"4":0,"5":0,"6":1},"f":{"0":1},"b":{"0":[1,0]}}
,"/home/rharuow/Documents/Harysson/coodesh/backend/src/models/Launch.ts": {"path":"/home/rharuow/Documents/Harysson/coodesh/backend/src/models/Launch.ts","statementMap":{"0":{"start":{"line":1,"column":0},"end":{"line":1,"column":41}},"1":{"start":{"line":3,"column":23},"end":{"line":61,"column":2}},"2":{"start":{"line":65,"column":22},"end":{"line":65,"column":36}},"3":{"start":{"line":63,"column":20},"end":{"line":63,"column":53}},"4":{"start":{"line":65,"column":9},"end":{"line":65,"column":20}}},"fnMap":{},"branchMap":{},"s":{"0":1,"1":1,"2":1,"3":1,"4":1},"f":{},"b":{}}
,"/home/rharuow/Documents/Harysson/coodesh/backend/src/models/Rocket.ts": {"path":"/home/rharuow/Documents/Harysson/coodesh/backend/src/models/Rocket.ts","statementMap":{"0":{"start":{"line":1,"column":0},"end":{"line":1,"column":41}},"1":{"start":{"line":3,"column":22},"end":{"line":14,"column":2}},"2":{"start":{"line":18,"column":22},"end":{"line":18,"column":35}},"3":{"start":{"line":16,"column":20},"end":{"line":16,"column":51}},"4":{"start":{"line":18,"column":9},"end":{"line":18,"column":20}}},"fnMap":{},"branchMap":{},"s":{"0":1,"1":1,"2":1,"3":1,"4":1},"f":{},"b":{}}
,"/home/rharuow/Documents/Harysson/coodesh/backend/src/routes/homeRouter.ts": {"path":"/home/rharuow/Documents/Harysson/coodesh/backend/src/routes/homeRouter.ts","statementMap":{"0":{"start":{"line":1,"column":0},"end":{"line":1,"column":30}},"1":{"start":{"line":2,"column":0},"end":{"line":2,"column":43}},"2":{"start":{"line":4,"column":19},"end":{"line":4,"column":35}},"3":{"start":{"line":8,"column":9},"end":{"line":8,"column":19}},"4":{"start":{"line":6,"column":0},"end":{"line":6,"column":26}}},"fnMap":{},"branchMap":{},"s":{"0":1,"1":1,"2":1,"3":1,"4":1},"f":{},"b":{}}
,"/home/rharuow/Documents/Harysson/coodesh/backend/src/routes/launchesRoute.ts": {"path":"/home/rharuow/Documents/Harysson/coodesh/backend/src/routes/launchesRoute.ts","statementMap":{"0":{"start":{"line":1,"column":0},"end":{"line":1,"column":30}},"1":{"start":{"line":2,"column":0},"end":{"line":2,"column":55}},"2":{"start":{"line":4,"column":23},"end":{"line":4,"column":39}},"3":{"start":{"line":8,"column":9},"end":{"line":8,"column":23}},"4":{"start":{"line":6,"column":0},"end":{"line":6,"column":38}}},"fnMap":{},"branchMap":{},"s":{"0":1,"1":1,"2":1,"3":1,"4":1},"f":{},"b":{}}
,"/home/rharuow/Documents/Harysson/coodesh/backend/src/routes/routes.ts": {"path":"/home/rharuow/Documents/Harysson/coodesh/backend/src/routes/routes.ts","statementMap":{"0":{"start":{"line":1,"column":0},"end":{"line":1,"column":33}},"1":{"start":{"line":3,"column":0},"end":{"line":3,"column":42}},"2":{"start":{"line":4,"column":0},"end":{"line":4,"column":49}},"3":{"start":{"line":5,"column":0},"end":{"line":5,"column":44}},"4":{"start":{"line":7,"column":15},"end":{"line":7,"column":23}},"5":{"start":{"line":13,"column":9},"end":{"line":13,"column":15}},"6":{"start":{"line":9,"column":0},"end":{"line":9,"column":28}},"7":{"start":{"line":10,"column":0},"end":{"line":10,"column":40}},"8":{"start":{"line":11,"column":0},"end":{"line":11,"column":34}}},"fnMap":{},"branchMap":{},"s":{"0":1,"1":1,"2":1,"3":1,"4":1,"5":1,"6":1,"7":1,"8":1},"f":{},"b":{}}
,"/home/rharuow/Documents/Harysson/coodesh/backend/src/routes/statsRouter.ts": {"path":"/home/rharuow/Documents/Harysson/coodesh/backend/src/routes/statsRouter.ts","statementMap":{"0":{"start":{"line":1,"column":0},"end":{"line":1,"column":30}},"1":{"start":{"line":2,"column":0},"end":{"line":2,"column":58}},"2":{"start":{"line":4,"column":20},"end":{"line":4,"column":36}},"3":{"start":{"line":9,"column":9},"end":{"line":9,"column":20}},"4":{"start":{"line":6,"column":0},"end":{"line":6,"column":34}},"5":{"start":{"line":7,"column":0},"end":{"line":7,"column":34}}},"fnMap":{},"branchMap":{},"s":{"0":1,"1":1,"2":1,"3":1,"4":1,"5":1},"f":{},"b":{}}
,"/home/rharuow/Documents/Harysson/coodesh/backend/src/utils/generateColor.ts": {"path":"/home/rharuow/Documents/Harysson/coodesh/backend/src/utils/generateColor.ts","statementMap":{"0":{"start":{"line":7,"column":27},"end":{"line":27,"column":1}},"1":{"start":{"line":8,"column":18},"end":{"line":8,"column":54}},"2":{"start":{"line":10,"column":14},"end":{"line":14,"column":4}},"3":{"start":{"line":16,"column":20},"end":{"line":23,"column":null}},"4":{"start":{"line":17,"column":4},"end":{"line":23,"column":null}},"5":{"start":{"line":16,"column":10},"end":{"line":16,"column":12}},"6":{"start":{"line":16,"column":13},"end":{"line":16,"column":15}},"7":{"start":{"line":16,"column":16},"end":{"line":16,"column":20}},"8":{"start":{"line":26,"column":2},"end":{"line":26,"column":33}},"9":{"start":{"line":7,"column":13},"end":{"line":7,"column":27}}},"fnMap":{"0":{"name":"(anonymous_0)","decl":{"start":{"line":7,"column":27},"end":{"line":7,"column":28}},"loc":{"start":{"line":7,"column":41},"end":{"line":27,"column":1}}},"1":{"name":"(anonymous_1)","decl":{"start":{"line":16,"column":28},"end":{"line":16,"column":29}},"loc":{"start":{"line":16,"column":37},"end":{"line":17,"column":5}}}},"branchMap":{"0":{"loc":{"start":{"line":17,"column":4},"end":{"line":23,"column":15}},"type":"cond-expr","locations":[{"start":{"line":18,"column":8},"end":{"line":18,"column":19}},{"start":{"line":19,"column":8},"end":{"line":23,"column":15}}]},"1":{"loc":{"start":{"line":19,"column":8},"end":{"line":23,"column":15}},"type":"cond-expr","locations":[{"start":{"line":20,"column":8},"end":{"line":20,"column":19}},{"start":{"line":21,"column":8},"end":{"line":23,"column":15}}]},"2":{"loc":{"start":{"line":21,"column":8},"end":{"line":23,"column":15}},"type":"cond-expr","locations":[{"start":{"line":22,"column":8},"end":{"line":22,"column":20}},{"start":{"line":23,"column":8},"end":{"line":23,"column":15}}]}},"s":{"0":1,"1":0,"2":0,"3":0,"4":0,"5":0,"6":0,"7":0,"8":0,"9":1},"f":{"0":0,"1":0},"b":{"0":[0,0],"1":[0,0],"2":[0,0]}}
,"/home/rharuow/Documents/Harysson/coodesh/backend/src/utils/getDataFromSpaceXAPI.ts": {"path":"/home/rharuow/Documents/Harysson/coodesh/backend/src/utils/getDataFromSpaceXAPI.ts","statementMap":{"0":{"start":{"line":1,"column":0},"end":{"line":1,"column":47}},"1":{"start":{"line":4,"column":33},"end":{"line":21,"column":2}},"2":{"start":{"line":7,"column":6},"end":{"line":7,"column":null}},"3":{"start":{"line":6,"column":20},"end":{"line":8,"column":31}},"4":{"start":{"line":6,"column":10},"end":{"line":8,"column":null}},"5":{"start":{"line":10,"column":32},"end":{"line":10,"column":null}},"6":{"start":{"line":10,"column":10},"end":{"line":10,"column":null}},"7":{"start":{"line":12,"column":8},"end":{"line":12,"column":27}},"8":{"start":{"line":13,"column":6},"end":{"line":13,"column":39}},"9":{"start":{"line":14,"column":6},"end":{"line":14,"column":43}},"10":{"start":{"line":17,"column":4},"end":{"line":17,"column":34}},"11":{"start":{"line":19,"column":4},"end":{"line":19,"column":35}},"12":{"start":{"line":4,"column":13},"end":{"line":4,"column":33}}},"fnMap":{"0":{"name":"(anonymous_13)","decl":{"start":{"line":4,"column":33},"end":{"line":4,"column":null}},"loc":{"start":{"line":4,"column":33},"end":{"line":21,"column":2}}}},"branchMap":{"0":{"loc":{"start":{"line":6,"column":20},"end":{"line":8,"column":31}},"type":"switch","locations":[{"start":{"line":6,"column":20},"end":{"line":8,"column":31}},{"start":{"line":17,"column":4},"end":{"line":17,"column":34}}]},"1":{"loc":{"start":{"line":12,"column":8},"end":{"line":12,"column":27}},"type":"if","locations":[{"start":{"line":12,"column":8},"end":{"line":12,"column":27}}]}},"s":{"0":1,"1":1,"2":0,"3":0,"4":0,"5":0,"6":0,"7":0,"8":0,"9":0,"10":0,"11":0,"12":1},"f":{"0":0},"b":{"0":[0,0],"1":[0]}}
,"/home/rharuow/Documents/Harysson/coodesh/backend/src/utils/seed.ts": {"path":"/home/rharuow/Documents/Harysson/coodesh/backend/src/utils/seed.ts","statementMap":{"0":{"start":{"line":1,"column":0},"end":{"line":1,"column":26}},"1":{"start":{"line":2,"column":0},"end":{"line":2,"column":47}},"2":{"start":{"line":3,"column":0},"end":{"line":3,"column":47}},"3":{"start":{"line":5,"column":0},"end":{"line":5,"column":46}},"4":{"start":{"line":21,"column":20},"end":{"line":92,"column":2}},"5":{"start":{"line":23,"column":26},"end":{"line":23,"column":null}},"6":{"start":{"line":23,"column":10},"end":{"line":23,"column":null}},"7":{"start":{"line":25,"column":4},"end":{"line":25,"column":63}},"8":{"start":{"line":25,"column":34},"end":{"line":25,"column":63}},"9":{"start":{"line":28,"column":6},"end":{"line":28,"column":null}},"10":{"start":{"line":27,"column":22},"end":{"line":29,"column":38}},"11":{"start":{"line":27,"column":10},"end":{"line":29,"column":null}},"12":{"start":{"line":32,"column":6},"end":{"line":32,"column":null}},"13":{"start":{"line":31,"column":34},"end":{"line":33,"column":52}},"14":{"start":{"line":31,"column":10},"end":{"line":33,"column":null}},"15":{"start":{"line":35,"column":10},"end":{"line":74,"column":32}},"16":{"start":{"line":36,"column":6},"end":{"line":72,"column":null}},"17":{"start":{"line":36,"column":37},"end":{"line":36,"column":69}},"18":{"start":{"line":37,"column":8},"end":{"line":55,"column":11}},"19":{"start":{"line":40,"column":35},"end":{"line":40,"column":null}},"20":{"start":{"line":57,"column":8},"end":{"line":71,"column":31}},"21":{"start":{"line":58,"column":10},"end":{"line":70,"column":null}},"22":{"start":{"line":73,"column":6},"end":{"line":73,"column":19}},"23":{"start":{"line":76,"column":4},"end":{"line":84,"column":6}},"24":{"start":{"line":77,"column":31},"end":{"line":83,"column":9}},"25":{"start":{"line":80,"column":41},"end":{"line":80,"column":69}},"26":{"start":{"line":86,"column":4},"end":{"line":86,"column":42}},"27":{"start":{"line":88,"column":4},"end":{"line":88,"column":29}},"28":{"start":{"line":90,"column":4},"end":{"line":90,"column":35}},"29":{"start":{"line":21,"column":13},"end":{"line":21,"column":20}}},"fnMap":{"0":{"name":"(anonymous_17)","decl":{"start":{"line":21,"column":20},"end":{"line":21,"column":null}},"loc":{"start":{"line":21,"column":20},"end":{"line":92,"column":2}}},"1":{"name":"(anonymous_20)","decl":{"start":{"line":35,"column":36},"end":{"line":35,"column":37}},"loc":{"start":{"line":35,"column":51},"end":{"line":74,"column":5}}},"2":{"name":"(anonymous_21)","decl":{"start":{"line":36,"column":22},"end":{"line":36,"column":23}},"loc":{"start":{"line":36,"column":32},"end":{"line":36,"column":46}}},"3":{"name":"(anonymous_22)","decl":{"start":{"line":40,"column":14},"end":{"line":40,"column":15}},"loc":{"start":{"line":40,"column":30},"end":{"line":40,"column":50}}},"4":{"name":"(anonymous_23)","decl":{"start":{"line":57,"column":26},"end":{"line":57,"column":27}},"loc":{"start":{"line":57,"column":33},"end":{"line":58,"column":16}}},"5":{"name":"(anonymous_24)","decl":{"start":{"line":77,"column":19},"end":{"line":77,"column":20}},"loc":{"start":{"line":77,"column":26},"end":{"line":83,"column":9}}},"6":{"name":"(anonymous_25)","decl":{"start":{"line":80,"column":29},"end":{"line":80,"column":30}},"loc":{"start":{"line":80,"column":36},"end":{"line":80,"column":47}}}},"branchMap":{"0":{"loc":{"start":{"line":27,"column":22},"end":{"line":29,"column":38}},"type":"switch","locations":[{"start":{"line":27,"column":22},"end":{"line":29,"column":38}},{"start":{"line":31,"column":34},"end":{"line":33,"column":52}}]},"1":{"loc":{"start":{"line":25,"column":4},"end":{"line":25,"column":63}},"type":"if","locations":[{"start":{"line":25,"column":4},"end":{"line":25,"column":63}}]},"2":{"loc":{"start":{"line":36,"column":6},"end":{"line":72,"column":null}},"type":"if","locations":[{"start":{"line":36,"column":6},"end":{"line":72,"column":null}},{"start":{"line":56,"column":13},"end":{"line":72,"column":null}}]},"3":{"loc":{"start":{"line":39,"column":12},"end":{"line":41,"column":19}},"type":"cond-expr","locations":[{"start":{"line":41,"column":13},"end":{"line":41,"column":15}},{"start":{"line":41,"column":13},"end":{"line":41,"column":19}}]},"4":{"loc":{"start":{"line":39,"column":12},"end":{"line":41,"column":15}},"type":"binary-expr","locations":[{"start":{"line":39,"column":12},"end":{"line":41,"column":15}},{"start":{"line":41,"column":13},"end":{"line":41,"column":15}}]},"5":{"loc":{"start":{"line":45,"column":12},"end":{"line":47,"column":58}},"type":"cond-expr","locations":[{"start":{"line":46,"column":16},"end":{"line":46,"column":30}},{"start":{"line":47,"column":16},"end":{"line":47,"column":58}}]},"6":{"loc":{"start":{"line":51,"column":23},"end":{"line":51,"column":53}},"type":"cond-expr","locations":[{"start":{"line":51,"column":41},"end":{"line":51,"column":45}},{"start":{"line":51,"column":48},"end":{"line":51,"column":53}}]},"7":{"loc":{"start":{"line":58,"column":10},"end":{"line":70,"column":20}},"type":"cond-expr","locations":[{"start":{"line":59,"column":13},"end":{"line":70,"column":13}},{"start":{"line":70,"column":14},"end":{"line":70,"column":20}}]},"8":{"loc":{"start":{"line":65,"column":29},"end":{"line":65,"column":59}},"type":"cond-expr","locations":[{"start":{"line":65,"column":47},"end":{"line":65,"column":51}},{"start":{"line":65,"column":54},"end":{"line":65,"column":59}}]},"9":{"loc":{"start":{"line":80,"column":16},"end":{"line":80,"column":75}},"type":"cond-expr","locations":[{"start":{"line":80,"column":69},"end":{"line":80,"column":71}},{"start":{"line":80,"column":69},"end":{"line":80,"column":75}}]},"10":{"loc":{"start":{"line":80,"column":16},"end":{"line":80,"column":71}},"type":"binary-expr","locations":[{"start":{"line":80,"column":16},"end":{"line":80,"column":71}},{"start":{"line":80,"column":69},"end":{"line":80,"column":71}}]}},"s":{"0":1,"1":1,"2":1,"3":1,"4":2,"5":1,"6":1,"7":1,"8":1,"9":0,"10":0,"11":0,"12":0,"13":0,"14":0,"15":0,"16":0,"17":0,"18":0,"19":0,"20":0,"21":0,"22":0,"23":0,"24":0,"25":0,"26":0,"27":0,"28":0,"29":1},"f":{"0":2,"1":0,"2":0,"3":0,"4":0,"5":0,"6":0},"b":{"0":[0,0],"1":[1],"2":[0,0],"3":[0,0],"4":[0,0],"5":[0,0],"6":[0,0],"7":[0,0],"8":[0,0],"9":[0,0],"10":[0,0]}}
}
