TN:
SF:src/app.ts
FN:23,(anonymous_14)
FN:29,(anonymous_17)
FN:38,(anonymous_20)
FNF:3
FNH:2
FNDA:2,(anonymous_14)
FNDA:0,(anonymous_17)
FNDA:1,(anonymous_20)
DA:1,1
DA:2,1
DA:3,1
DA:5,1
DA:6,1
DA:7,1
DA:8,1
DA:10,1
DA:11,1
DA:13,1
DA:14,1
DA:16,1
DA:17,1
DA:19,1
DA:21,1
DA:23,2
DA:25,2
DA:26,2
DA:27,1
DA:29,0
DA:30,0
DA:38,1
DA:39,1
DA:42,0
DA:43,0
DA:47,1
DA:49,1
LF:27
LH:23
BRDA:13,0,0,1
BRDA:13,0,1,0
BRDA:30,1,0,0
BRF:3
BRH:1
end_of_record
TN:
SF:src/swaggerDef.ts
FNF:0
FNH:0
DA:1,1
LF:1
LH:1
BRF:0
BRH:0
end_of_record
TN:
SF:src/controllers/stats.ts
FN:6,(anonymous_15)
FN:6,(anonymous_16)
FN:14,(anonymous_18)
FN:14,(anonymous_19)
FN:16,(anonymous_20)
FN:42,(anonymous_21)
FN:42,(anonymous_22)
FN:46,(anonymous_24)
FN:48,(anonymous_25)
FN:49,(anonymous_26)
FN:50,(anonymous_27)
FN:74,(anonymous_28)
FN:90,(anonymous_29)
FNF:13
FNH:13
FNDA:1,(anonymous_15)
FNDA:1,(anonymous_16)
FNDA:3,(anonymous_18)
FNDA:205,(anonymous_19)
FNDA:3,(anonymous_20)
FNDA:1,(anonymous_21)
FNDA:1,(anonymous_22)
FNDA:3,(anonymous_24)
FNDA:205,(anonymous_25)
FNDA:1839,(anonymous_26)
FNDA:1764,(anonymous_27)
FNDA:19,(anonymous_28)
FNDA:3,(anonymous_29)
DA:3,1
DA:4,1
DA:6,1
DA:8,1
DA:10,1
DA:12,1
DA:14,205
DA:16,3
DA:18,1
DA:20,1
DA:25,0
DA:26,0
DA:42,1
DA:44,1
DA:46,1
DA:47,3
DA:49,1839
DA:50,186
DA:51,1764
DA:59,19
DA:69,205
DA:74,3
DA:75,19
DA:79,3
DA:82,16
DA:86,3
DA:89,1
DA:91,3
DA:100,0
DA:101,0
LF:30
LH:26
BRDA:49,0,0,186
BRDA:49,0,1,19
BRDA:51,1,0,186
BRDA:51,1,1,1578
BRDA:75,2,0,3
BRDA:75,2,1,16
BRDA:91,3,0,1
BRDA:91,3,1,2
BRDA:93,4,0,1
BRDA:93,4,1,1
BRF:10
BRH:10
end_of_record
TN:
SF:src/controllers/home/index.ts
FN:3,(anonymous_0)
FNF:1
FNH:1
FNDA:1,(anonymous_0)
DA:3,1
DA:4,1
DA:5,1
DA:9,0
DA:10,0
LF:5
LH:3
BRF:0
BRH:0
end_of_record
TN:
SF:src/controllers/launches/index.ts
FN:13,(anonymous_13)
FN:13,(anonymous_14)
FNF:2
FNH:2
FNDA:1,(anonymous_13)
FNDA:1,(anonymous_14)
DA:3,1
DA:4,1
DA:13,1
DA:14,1
DA:17,1
DA:22,1
DA:26,1
DA:28,1
DA:37,0
DA:38,0
DA:44,1
LF:11
LH:9
BRDA:14,0,0,1
BRDA:14,0,1,0
BRDA:14,1,0,1
BRDA:14,1,1,0
BRF:4
BRH:2
end_of_record
TN:
SF:src/controllers/launches/utils/createFilter.ts
FN:3,(anonymous_0)
FNF:1
FNH:1
FNDA:2,(anonymous_0)
DA:3,1
DA:4,2
DA:5,0
DA:18,2
DA:19,0
DA:25,2
DA:26,0
DA:29,2
LF:8
LH:5
BRDA:4,0,0,0
BRDA:4,1,0,2
BRDA:4,1,1,0
BRDA:7,2,0,0
BRDA:7,2,1,0
BRDA:18,3,0,0
BRDA:18,4,0,2
BRDA:18,4,1,0
BRDA:25,5,0,0
BRDA:25,6,0,2
BRDA:25,6,1,2
BRDA:26,7,0,0
BRDA:26,7,1,0
BRF:13
BRH:4
end_of_record
TN:
SF:src/db/conn.ts
FN:4,connection
FNF:1
FNH:1
FNDA:1,connection
DA:1,1
DA:2,1
DA:6,1
DA:7,2
DA:9,0
DA:10,0
DA:14,1
LF:7
LH:5
BRDA:7,0,0,1
BRDA:7,0,1,0
BRF:2
BRH:1
end_of_record
TN:
SF:src/models/Launch.ts
FNF:0
FNH:0
DA:1,1
DA:3,1
DA:63,1
DA:65,1
LF:4
LH:4
BRF:0
BRH:0
end_of_record
TN:
SF:src/models/Rocket.ts
FNF:0
FNH:0
DA:1,1
DA:3,1
DA:16,1
DA:18,1
LF:4
LH:4
BRF:0
BRH:0
end_of_record
TN:
SF:src/routes/homeRouter.ts
FNF:0
FNH:0
DA:1,1
DA:2,1
DA:4,1
DA:6,1
DA:8,1
LF:5
LH:5
BRF:0
BRH:0
end_of_record
TN:
SF:src/routes/launchesRoute.ts
FNF:0
FNH:0
DA:1,1
DA:2,1
DA:4,1
DA:6,1
DA:8,1
LF:5
LH:5
BRF:0
BRH:0
end_of_record
TN:
SF:src/routes/routes.ts
FNF:0
FNH:0
DA:1,1
DA:3,1
DA:4,1
DA:5,1
DA:7,1
DA:9,1
DA:10,1
DA:11,1
DA:13,1
LF:9
LH:9
BRF:0
BRH:0
end_of_record
TN:
SF:src/routes/statsRouter.ts
FNF:0
FNH:0
DA:1,1
DA:2,1
DA:4,1
DA:6,1
DA:7,1
DA:9,1
LF:6
LH:6
BRF:0
BRH:0
end_of_record
TN:
SF:src/utils/generateColor.ts
FN:7,(anonymous_0)
FN:16,(anonymous_1)
FNF:2
FNH:0
FNDA:0,(anonymous_0)
FNDA:0,(anonymous_1)
DA:7,1
DA:8,0
DA:10,0
DA:16,0
DA:17,0
DA:26,0
LF:6
LH:1
BRDA:17,0,0,0
BRDA:17,0,1,0
BRDA:19,1,0,0
BRDA:19,1,1,0
BRDA:21,2,0,0
BRDA:21,2,1,0
BRF:6
BRH:0
end_of_record
TN:
SF:src/utils/getDataFromSpaceXAPI.ts
FN:4,(anonymous_13)
FNF:1
FNH:0
FNDA:0,(anonymous_13)
DA:1,1
DA:4,1
DA:6,0
DA:7,0
DA:10,0
DA:12,0
DA:13,0
DA:14,0
DA:17,0
DA:19,0
LF:10
LH:2
BRDA:6,0,0,0
BRDA:6,0,1,0
BRDA:12,1,0,0
BRF:3
BRH:0
end_of_record
TN:
SF:src/utils/seed.ts
FN:21,(anonymous_17)
FN:35,(anonymous_20)
FN:36,(anonymous_21)
FN:40,(anonymous_22)
FN:57,(anonymous_23)
FN:77,(anonymous_24)
FN:80,(anonymous_25)
FNF:7
FNH:1
FNDA:2,(anonymous_17)
FNDA:0,(anonymous_20)
FNDA:0,(anonymous_21)
FNDA:0,(anonymous_22)
FNDA:0,(anonymous_23)
FNDA:0,(anonymous_24)
FNDA:0,(anonymous_25)
DA:1,1
DA:2,1
DA:3,1
DA:5,1
DA:21,2
DA:23,1
DA:25,1
DA:27,0
DA:28,0
DA:31,0
DA:32,0
DA:35,0
DA:36,0
DA:37,0
DA:40,0
DA:57,0
DA:58,0
DA:73,0
DA:76,0
DA:77,0
DA:80,0
DA:86,0
DA:88,0
DA:90,0
LF:24
LH:7
BRDA:27,0,0,0
BRDA:27,0,1,0
BRDA:25,1,0,1
BRDA:36,2,0,0
BRDA:36,2,1,0
BRDA:39,3,0,0
BRDA:39,3,1,0
BRDA:39,4,0,0
BRDA:39,4,1,0
BRDA:45,5,0,0
BRDA:45,5,1,0
BRDA:51,6,0,0
BRDA:51,6,1,0
BRDA:58,7,0,0
BRDA:58,7,1,0
BRDA:65,8,0,0
BRDA:65,8,1,0
BRDA:80,9,0,0
BRDA:80,9,1,0
BRDA:80,10,0,0
BRDA:80,10,1,0
BRF:21
BRH:1
end_of_record
